Release 14.2 - platgen Xilinx EDK 14.2 Build EDK_P.28xd
 (nt64)
Copyright (c) 1995-2012 Xilinx, Inc.  All rights reserved.

Command Line: platgen -p xc6slx16csg324-3 -lang vhdl -intstyle default -lp
C:/Xilinx/BSP/Nexys3_PLB_BSB_Support/lib/ -msg __xps/ise/xmsgprops.lst
system.mhs 

Parse C:/Temp/tmp/ps2_keyboard/system.mhs ...

Read MPD definitions ...

Overriding IP level properties ...

Computing clock values...
INFO:EDK:740 - Cannot determine the input clock associated with port :
   ilmb_cntlr:BRAM_Clk_A. Clock DRCs will not be performed on this core and
   cores connected to it. 
INFO:EDK:740 - Cannot determine the input clock associated with port :
   dlmb_cntlr:BRAM_Clk_A. Clock DRCs will not be performed on this core and
   cores connected to it. 

Performing IP level DRCs on properties...

Running DRC Tcl procedures for OPTION IPLEVEL_DRC_PROC...
Address Map for Processor microblaze_0
  (0000000000-0x00007fff) dlmb_cntlr	dlmb
  (0000000000-0x00007fff) ilmb_cntlr	ilmb
  (0x81400000-0x8140ffff) LEDs_8Bits	mb_plb
  (0x81420000-0x8142ffff) DIP_Switches_8Bits	mb_plb
  (0x84000000-0x8400ffff) RS232_Uart_1	mb_plb
  (0x84400000-0x8440ffff) mdm_0	mb_plb
  (0xcb600000-0xcb60ffff) ps2_keyboard_0	mb_plb
  (0xcbc00000-0xcbc0ffff) Digilent_Usb_Epp	mb_plb
  (0xcd600000-0xcd60ffff) Digilent_SevSeg_Disp	mb_plb
INFO:EDK:4130 - IPNAME: plb_v46, INSTANCE:mb_plb - tool is overriding PARAMETER
   C_PLBV46_NUM_MASTERS value to 2 -
   C:\Xilinx\14.2\ISE_DS\EDK\hw\XilinxProcessorIPLib\pcores\plb_v46_v1_05_a\data
   \plb_v46_v2_1_0.mpd line 78 
INFO:EDK:4130 - IPNAME: plb_v46, INSTANCE:mb_plb - tool is overriding PARAMETER
   C_PLBV46_NUM_SLAVES value to 7 -
   C:\Xilinx\14.2\ISE_DS\EDK\hw\XilinxProcessorIPLib\pcores\plb_v46_v1_05_a\data
   \plb_v46_v2_1_0.mpd line 79 
INFO:EDK:4130 - IPNAME: plb_v46, INSTANCE:mb_plb - tool is overriding PARAMETER
   C_PLBV46_MID_WIDTH value to 1 -
   C:\Xilinx\14.2\ISE_DS\EDK\hw\XilinxProcessorIPLib\pcores\plb_v46_v1_05_a\data
   \plb_v46_v2_1_0.mpd line 80 
INFO:EDK:4130 - IPNAME: plb_v46, INSTANCE:mb_plb - tool is overriding PARAMETER
   C_PLBV46_DWIDTH value to 32 -
   C:\Xilinx\14.2\ISE_DS\EDK\hw\XilinxProcessorIPLib\pcores\plb_v46_v1_05_a\data
   \plb_v46_v2_1_0.mpd line 82 
INFO:EDK:4130 - IPNAME: lmb_v10, INSTANCE:ilmb - tool is overriding PARAMETER
   C_LMB_NUM_SLAVES value to 1 -
   C:\Xilinx\14.2\ISE_DS\EDK\hw\XilinxProcessorIPLib\pcores\lmb_v10_v2_00_b\data
   \lmb_v10_v2_1_0.mpd line 81 
INFO:EDK:4130 - IPNAME: lmb_v10, INSTANCE:dlmb - tool is overriding PARAMETER
   C_LMB_NUM_SLAVES value to 1 -
   C:\Xilinx\14.2\ISE_DS\EDK\hw\XilinxProcessorIPLib\pcores\lmb_v10_v2_00_b\data
   \lmb_v10_v2_1_0.mpd line 81 
INFO:EDK:4130 - IPNAME: bram_block, INSTANCE:lmb_bram - tool is overriding
   PARAMETER C_MEMSIZE value to 0x8000 -
   C:\Xilinx\14.2\ISE_DS\EDK\hw\XilinxProcessorIPLib\pcores\bram_block_v1_00_a\d
   ata\bram_block_v2_1_0.mpd line 77 
INFO:EDK:4130 - IPNAME: xps_uartlite, INSTANCE:RS232_Uart_1 - tool is overriding
   PARAMETER C_SPLB_NUM_MASTERS value to 2 -
   C:\Xilinx\14.2\ISE_DS\EDK\hw\XilinxProcessorIPLib\pcores\xps_uartlite_v1_02_a
   \data\xps_uartlite_v2_1_0.mpd line 83 
INFO:EDK:4130 - IPNAME: xps_gpio, INSTANCE:DIP_Switches_8Bits - tool is
   overriding PARAMETER C_SPLB_NUM_MASTERS value to 2 -
   C:\Xilinx\14.2\ISE_DS\EDK\hw\XilinxProcessorIPLib\pcores\xps_gpio_v2_00_a\dat
   a\xps_gpio_v2_1_0.mpd line 81 
INFO:EDK:4130 - IPNAME: xps_gpio, INSTANCE:LEDs_8Bits - tool is overriding
   PARAMETER C_SPLB_NUM_MASTERS value to 2 -
   C:\Xilinx\14.2\ISE_DS\EDK\hw\XilinxProcessorIPLib\pcores\xps_gpio_v2_00_a\dat
   a\xps_gpio_v2_1_0.mpd line 81 
INFO:EDK:4130 - IPNAME: d_usb_epp_dstm, INSTANCE:Digilent_Usb_Epp - tool is
   overriding PARAMETER C_SPLB_DWIDTH value to 32 -
   C:\Xilinx\BSP\Nexys3_PLB_BSB_Support\lib\Digilent\pcores\d_usb_epp_dstm_v1_00
   _a\data\d_usb_epp_dstm_v2_1_0.mpd line 38 
INFO:EDK:4130 - IPNAME: d_usb_epp_dstm, INSTANCE:Digilent_Usb_Epp - tool is
   overriding PARAMETER C_SPLB_NUM_MASTERS value to 2 -
   C:\Xilinx\BSP\Nexys3_PLB_BSB_Support\lib\Digilent\pcores\d_usb_epp_dstm_v1_00
   _a\data\d_usb_epp_dstm_v2_1_0.mpd line 39 
INFO:EDK:4130 - IPNAME: d_usb_epp_dstm, INSTANCE:Digilent_Usb_Epp - tool is
   overriding PARAMETER C_SPLB_MID_WIDTH value to 1 -
   C:\Xilinx\BSP\Nexys3_PLB_BSB_Support\lib\Digilent\pcores\d_usb_epp_dstm_v1_00
   _a\data\d_usb_epp_dstm_v2_1_0.mpd line 40 
INFO:EDK:4130 - IPNAME: ssg_decoder, INSTANCE:Digilent_SevSeg_Disp - tool is
   overriding PARAMETER C_SPLB_DWIDTH value to 32 -
   C:\Xilinx\BSP\Nexys3_PLB_BSB_Support\lib\Digilent\pcores\ssg_decoder_v1_00_a\
   data\ssg_decoder_v2_1_0.mpd line 33 
INFO:EDK:4130 - IPNAME: ssg_decoder, INSTANCE:Digilent_SevSeg_Disp - tool is
   overriding PARAMETER C_SPLB_NUM_MASTERS value to 2 -
   C:\Xilinx\BSP\Nexys3_PLB_BSB_Support\lib\Digilent\pcores\ssg_decoder_v1_00_a\
   data\ssg_decoder_v2_1_0.mpd line 34 
INFO:EDK:4130 - IPNAME: ssg_decoder, INSTANCE:Digilent_SevSeg_Disp - tool is
   overriding PARAMETER C_SPLB_MID_WIDTH value to 1 -
   C:\Xilinx\BSP\Nexys3_PLB_BSB_Support\lib\Digilent\pcores\ssg_decoder_v1_00_a\
   data\ssg_decoder_v2_1_0.mpd line 35 
INFO:EDK:4130 - IPNAME: mdm, INSTANCE:mdm_0 - tool is overriding PARAMETER
   C_SPLB_MID_WIDTH value to 1 -
   C:\Xilinx\14.2\ISE_DS\EDK\hw\XilinxProcessorIPLib\pcores\mdm_v2_10_a\data\mdm
   _v2_1_0.mpd line 117 
INFO:EDK:4130 - IPNAME: mdm, INSTANCE:mdm_0 - tool is overriding PARAMETER
   C_SPLB_NUM_MASTERS value to 2 -
   C:\Xilinx\14.2\ISE_DS\EDK\hw\XilinxProcessorIPLib\pcores\mdm_v2_10_a\data\mdm
   _v2_1_0.mpd line 118 
INFO:EDK:4130 - IPNAME: ps2_keyboard, INSTANCE:ps2_keyboard_0 - tool is
   overriding PARAMETER C_SPLB_DWIDTH value to 32 -
   C:\Temp\tmp\ps2_keyboard\pcores\ps2_keyboard_v1_00_a\data\ps2_keyboard_v2_1_0
   .mpd line 26 
INFO:EDK:4130 - IPNAME: ps2_keyboard, INSTANCE:ps2_keyboard_0 - tool is
   overriding PARAMETER C_SPLB_NUM_MASTERS value to 2 -
   C:\Temp\tmp\ps2_keyboard\pcores\ps2_keyboard_v1_00_a\data\ps2_keyboard_v2_1_0
   .mpd line 27 
INFO:EDK:4130 - IPNAME: ps2_keyboard, INSTANCE:ps2_keyboard_0 - tool is
   overriding PARAMETER C_SPLB_MID_WIDTH value to 1 -
   C:\Temp\tmp\ps2_keyboard\pcores\ps2_keyboard_v1_00_a\data\ps2_keyboard_v2_1_0
   .mpd line 28 

Checking platform address map ...

Checking platform configuration ...
IPNAME: plb_v46, INSTANCE: mb_plb - 2 master(s) : 7 slave(s) 
IPNAME: lmb_v10, INSTANCE: ilmb - 1 master(s) : 1 slave(s) 
IPNAME: lmb_v10, INSTANCE: dlmb - 1 master(s) : 1 slave(s) 

Checking port drivers...
WARNING:EDK:4180 - PORT: ps2_keyboard_0_ext_keys_pressed_pin, CONNECTOR:
   net_ps2_keyboard_0_ext_keys_pressed_pin - No driver found. Port will be
   driven to GND - C:\Temp\tmp\ps2_keyboard\system.mhs line 52 
WARNING:EDK:4181 - PORT: Peripheral_Reset, CONNECTOR: sys_periph_reset -
   floating connection - C:\Temp\tmp\ps2_keyboard\system.mhs line 242 

Performing Clock DRCs...

Performing Reset DRCs...

Overriding system level properties...
INFO:EDK:4130 - IPNAME: microblaze, INSTANCE:microblaze_0 - tcl is overriding
   PARAMETER C_D_PLB value to 1 -
   C:\Xilinx\14.2\ISE_DS\EDK\hw\XilinxProcessorIPLib\pcores\microblaze_v8_40_a\d
   ata\microblaze_v2_1_0.mpd line 230 
INFO:EDK:4130 - IPNAME: microblaze, INSTANCE:microblaze_0 - tcl is overriding
   PARAMETER C_I_PLB value to 1 -
   C:\Xilinx\14.2\ISE_DS\EDK\hw\XilinxProcessorIPLib\pcores\microblaze_v8_40_a\d
   ata\microblaze_v2_1_0.mpd line 233 
INFO:EDK:4130 - IPNAME: microblaze, INSTANCE:microblaze_0 - tcl is overriding
   PARAMETER C_ADDR_TAG_BITS value to 0 -
   C:\Xilinx\14.2\ISE_DS\EDK\hw\XilinxProcessorIPLib\pcores\microblaze_v8_40_a\d
   ata\microblaze_v2_1_0.mpd line 334 
INFO:EDK:4130 - IPNAME: microblaze, INSTANCE:microblaze_0 - tcl is overriding
   PARAMETER C_DCACHE_ADDR_TAG value to 0 -
   C:\Xilinx\14.2\ISE_DS\EDK\hw\XilinxProcessorIPLib\pcores\microblaze_v8_40_a\d
   ata\microblaze_v2_1_0.mpd line 364 
INFO:EDK:4130 - IPNAME: microblaze, INSTANCE:microblaze_0 - tcl is overriding
   PARAMETER C_USE_EXT_BRK value to 1 -
   C:\Xilinx\14.2\ISE_DS\EDK\hw\XilinxProcessorIPLib\pcores\microblaze_v8_40_a\d
   ata\microblaze_v2_1_0.mpd line 399 
INFO:EDK:4130 - IPNAME: microblaze, INSTANCE:microblaze_0 - tcl is overriding
   PARAMETER C_USE_EXT_NM_BRK value to 1 -
   C:\Xilinx\14.2\ISE_DS\EDK\hw\XilinxProcessorIPLib\pcores\microblaze_v8_40_a\d
   ata\microblaze_v2_1_0.mpd line 400 
INFO:EDK:4130 - IPNAME: lmb_bram_if_cntlr, INSTANCE:dlmb_cntlr - tcl is
   overriding PARAMETER C_MASK value to 0x80000000 -
   C:\Xilinx\14.2\ISE_DS\EDK\hw\XilinxProcessorIPLib\pcores\lmb_bram_if_cntlr_v3
   _10_a\data\lmb_bram_if_cntlr_v2_1_0.mpd line 91 
INFO:EDK:4130 - IPNAME: lmb_bram_if_cntlr, INSTANCE:ilmb_cntlr - tcl is
   overriding PARAMETER C_MASK value to 0x80000000 -
   C:\Xilinx\14.2\ISE_DS\EDK\hw\XilinxProcessorIPLib\pcores\lmb_bram_if_cntlr_v3
   _10_a\data\lmb_bram_if_cntlr_v2_1_0.mpd line 91 

Running system level update procedures...

Running UPDATE Tcl procedures for OPTION SYSLEVEL_UPDATE_PROC...

Running system level DRCs...

Performing System level DRCs on properties...

Running DRC Tcl procedures for OPTION SYSLEVEL_DRC_PROC...

Running UPDATE Tcl procedures for OPTION PLATGEN_SYSLEVEL_UPDATE_PROC...
INFO: The microblaze_0 core has constraints automatically generated by XPS in
implementation/microblaze_0_wrapper/microblaze_0_wrapper.ucf.
It can be overridden by constraints placed in the system.ucf file.

INFO: The ilmb core has constraints automatically generated by XPS in
implementation/ilmb_wrapper/ilmb_wrapper.ucf.
It can be overridden by constraints placed in the system.ucf file.

INFO: The dlmb core has constraints automatically generated by XPS in
implementation/dlmb_wrapper/dlmb_wrapper.ucf.
It can be overridden by constraints placed in the system.ucf file.


Modify defaults ...

Creating stub ...

Processing licensed instances ...
Completion time: 0.00 seconds

Creating hardware output directories ...

Managing hardware (BBD-specified) netlist files ...

Managing cache ...

Elaborating instances ...
IPNAME:bram_block INSTANCE:lmb_bram - C:\Temp\tmp\ps2_keyboard\system.mhs line
109 - elaborating IP
IPNAME:clock_generator INSTANCE:clock_generator_0 -
C:\Temp\tmp\ps2_keyboard\system.mhs line 205 - elaborating IP
ClkGen elaborate status: PASSED
----------------------------------------
----------------------------------------

Writing HDL for elaborated instances ...

Inserting wrapper level ...
Completion time: 0.00 seconds

Constructing platform-level connectivity ...
ERROR:EDK:4073 - INSTANCE: ps2_keyboard_0, PORT: ext_kb_data_I, CONNECTOR:
   net_ps2_keyboard_0_ext_kb_data_pin_I - 32 bit-width connector assigned to 1
   bit-width port - C:\Temp\tmp\ps2_keyboard\system.mhs line 245 
ERROR:EDK:4073 - INSTANCE: ps2_keyboard_0, PORT: ext_kb_data_O, CONNECTOR:
   net_ps2_keyboard_0_ext_kb_data_pin_O - 32 bit-width connector assigned to 1
   bit-width port - C:\Temp\tmp\ps2_keyboard\system.mhs line 245 
ERROR:EDK:4073 - INSTANCE: ps2_keyboard_0, PORT: ext_kb_data_T, CONNECTOR:
   net_ps2_keyboard_0_ext_kb_data_pin_T - 32 bit-width connector assigned to 1
   bit-width port - C:\Temp\tmp\ps2_keyboard\system.mhs line 245 
Completion time: 0.00 seconds
ERROR:EDK:440 - platgen failed with errors!
