Generated Block Diagram.
Rasterizing microblaze_0.jpg.....
Rasterizing mb_plb.jpg.....
Rasterizing ilmb.jpg.....
Rasterizing dlmb.jpg.....
Rasterizing dlmb_cntlr.jpg.....
Rasterizing ilmb_cntlr.jpg.....
Rasterizing lmb_bram.jpg.....
Rasterizing RS232_Uart_1.jpg.....
Rasterizing DIP_Switches_8Bits.jpg.....
Rasterizing LEDs_8Bits.jpg.....
Rasterizing Digilent_Usb_Epp.jpg.....
Rasterizing Digilent_SevSeg_Disp.jpg.....
Rasterizing mem_bus_mux_0.jpg.....
Rasterizing clock_generator_0.jpg.....
Rasterizing mdm_0.jpg.....
Rasterizing proc_sys_reset_0.jpg.....
Rasterizing ps2_keyboard_0.jpg.....
Rasterizing system_blkd.jpg.....
Report generated.
Report generation completed.
